Build started 2014-12-03 19:18:59.
     1>Project "H:\codes\PSZT_fuzzy_logic\PSZT_fuzzy_logic\PSZT_fuzzy_logic.vcxproj" on node 2 (Build target(s)).
     1>Link:
         C:\Program Files (x86)\Microsoft Visual Studio 12.0\VC\bin\x86_amd64\link.exe /ERRORREPORT:PROMPT /OUT:"H:\codes\PSZT_fuzzy_logic\x64\Debug\PSZT_fuzzy_logic.exe" /INCREMENTAL /NOLOGO /LIBPATH:C:\opencv\build\x64\vc12\lib opencv_core2410d.lib opencv_imgproc2410d.lib opencv_highgui2410d.lib opencv_ml2410d.lib opencv_video2410d.lib opencv_features2d2410d.lib opencv_calib3d2410d.lib opencv_objdetect2410d.lib opencv_contrib2410d.lib opencv_legacy2410d.lib opencv_flann2410d.lib kernel32.lib user32.lib gdi32.lib winspool.lib comdlg32.lib advapi32.lib shell32.lib ole32.lib oleaut32.lib uuid.lib odbc32.lib odbccp32.lib /MANIFEST /MANIFESTUAC:"level='asInvoker' uiAccess='false'" /manifest:embed /DEBUG /PDB:"H:\codes\PSZT_fuzzy_logic\x64\Debug\PSZT_fuzzy_logic.pdb" /SUBSYSTEM:CONSOLE /TLBID:1 /DYNAMICBASE /NXCOMPAT /IMPLIB:"H:\codes\PSZT_fuzzy_logic\x64\Debug\PSZT_fuzzy_logic.lib" /MACHINE:X64 x64\Debug\FLPaarameters.obj
         x64\Debug\getRoi.obj
         x64\Debug\main.obj
     1>main.obj : error LNK2019: unresolved external symbol "class boost::system::error_category const & __cdecl boost::system::system_category(void)" (?system_category@system@boost@@YAAEBVerror_category@12@XZ) referenced in function "void __cdecl boost::system::`dynamic initializer for 'native_ecat''(void)" (??__Enative_ecat@system@boost@@YAXXZ)
     1>main.obj : error LNK2019: unresolved external symbol "class boost::system::error_category const & __cdecl boost::system::generic_category(void)" (?generic_category@system@boost@@YAAEBVerror_category@12@XZ) referenced in function "void __cdecl boost::system::`dynamic initializer for 'errno_ecat''(void)" (??__Eerrno_ecat@system@boost@@YAXXZ)
     1>H:\codes\PSZT_fuzzy_logic\x64\Debug\PSZT_fuzzy_logic.exe : fatal error LNK1120: 2 unresolved externals
     1>Done Building Project "H:\codes\PSZT_fuzzy_logic\PSZT_fuzzy_logic\PSZT_fuzzy_logic.vcxproj" (Build target(s)) -- FAILED.

Build FAILED.

Time Elapsed 00:00:00.57
