Build started 2014-12-03 18:47:05.
     1>Project "H:\codes\PSZT_fuzzy_logic\PSZT_fuzzy_logic\PSZT_fuzzy_logic.vcxproj" on node 2 (Build target(s)).
     1>ClCompile:
         C:\Program Files (x86)\Microsoft Visual Studio 12.0\VC\bin\CL.exe /c /Zi /nologo /W3 /WX- /sdl /O2 /Oi /Oy- /GL /D WIN32 /D NDEBUG /D _CONSOLE /D _LIB /D _UNICODE /D UNICODE /Gm- /EHsc /MD /GS /Gy /fp:precise /Zc:wchar_t /Zc:forScope /Fo"Release\\" /Fd"Release\vc120.pdb" /Gd /TP /analyze- /errorReport:prompt src\FLPaarameters.cpp src\getRoi.cpp src\main.cpp
         FLPaarameters.cpp
     1>h:\codes\pszt_fuzzy_logic\pszt_fuzzy_logic\src\FLParameters.h(4): fatal error C1083: Cannot open include file: 'opencv2/core/core.hpp': No such file or directory
         getRoi.cpp
     1>h:\codes\pszt_fuzzy_logic\pszt_fuzzy_logic\src\getRoi.h(4): fatal error C1083: Cannot open include file: 'opencv2\core\core.hpp': No such file or directory
         main.cpp
     1>src\main.cpp(1): fatal error C1083: Cannot open include file: 'opencv2\core\core.hpp': No such file or directory
     1>Done Building Project "H:\codes\PSZT_fuzzy_logic\PSZT_fuzzy_logic\PSZT_fuzzy_logic.vcxproj" (Build target(s)) -- FAILED.

Build FAILED.

Time Elapsed 00:00:00.53
